Input delta file: user_uploads/h8IfcVV89WlgiT4E03La
Output prefix: user_data/h8IfcVV89WlgiT4E03La/Arabidopsis
1. Filter delta file
First read through the file: 0 seconds for 79 query-reference combinations
Filtering alignments of 67 queries
Progress: 8%
Progress: 17%
Progress: 26%
Progress: 35%
Progress: 44%
Progress: 53%
Progress: 62%
Progress: 71%
Progress: 80%
Progress: 89%
Progress: 98%
Progress: 100%
Deciding which alignments to keep: 23 seconds for 67 queries
Reading file and recording all the entries we decided to keep: 0 seconds for 452871 total lines in file
2. Finding variants between alignments
Loaded 2847 alignments
3. Finding variants within alignments
4. Combine variants between and within alignments
Loading required package: methods
[1] "user_data/h8IfcVV89WlgiT4E03La/Arabidopsis.ABVC_structural_variants.bed"
  chrom    start     stop     name size strand      type ref.dist query.dist
1  Chr4  9414226  9414300 ABVC_w_1   74      +  Deletion       74          0
2  Chr4  9969175  9969227 ABVC_w_2   52      +  Deletion       52          0
3  Chr4 10095402 10095402 ABVC_w_3   61      + Insertion        0         61
4  Chr4 11223747 11223747 ABVC_w_4   74      + Insertion        0         74
5  Chr4 11283434 11283489 ABVC_w_5   55      +  Deletion       55          0
6  Chr4 11321881 11321936 ABVC_w_6   55      +  Deletion       55          0
                          contig_position     method.found
1 0000_00|quiver|quiver:9154517-9154517:+ within_alignment
2 0000_00|quiver|quiver:8637471-8637471:+ within_alignment
3 0000_00|quiver|quiver:8499817-8499878:+ within_alignment
4 0000_00|quiver|quiver:7460162-7460236:+ within_alignment
5 0000_00|quiver|quiver:7386872-7386872:+ within_alignment
6 0000_00|quiver|quiver:7328846-7328846:+ within_alignment
          Deletion          Insertion Repeat_contraction   Repeat_expansion 
               530                520                821                855 
Tandem_contraction   Tandem_expansion 
                39                 35 
         Insertion           Deletion   Repeat_expansion Repeat_contraction 
               520                530                855                821 
  Tandem_expansion Tandem_contraction 
                35                 39 
[1] "Total small variants:"
[1] 2800
  chrom    start     stop     name size strand      type ref.dist query.dist
1  Chr4  9414226  9414300 ABVC_w_1   74      +  Deletion       74          0
2  Chr4  9969175  9969227 ABVC_w_2   52      +  Deletion       52          0
3  Chr4 10095402 10095402 ABVC_w_3   61      + Insertion        0         61
4  Chr4 11223747 11223747 ABVC_w_4   74      + Insertion        0         74
5  Chr4 11283434 11283489 ABVC_w_5   55      +  Deletion       55          0
6  Chr4 11321881 11321936 ABVC_w_6   55      +  Deletion       55          0
                          contig_position     method.found
1 0000_00|quiver|quiver:9154517-9154517:+ within_alignment
2 0000_00|quiver|quiver:8637471-8637471:+ within_alignment
3 0000_00|quiver|quiver:8499817-8499878:+ within_alignment
4 0000_00|quiver|quiver:7460162-7460236:+ within_alignment
5 0000_00|quiver|quiver:7386872-7386872:+ within_alignment
6 0000_00|quiver|quiver:7328846-7328846:+ within_alignment
         Insertion           Deletion   Repeat_expansion Repeat_contraction 
               520                530                855                821 
  Tandem_expansion Tandem_contraction 
                35                 39 
Length  Class   Mode 
     0   NULL   NULL 
  chrom    start     stop     name size strand      type ref.dist query.dist
1  Chr4  9414226  9414300 ABVC_w_1   74      +  Deletion       74          0
2  Chr4  9969175  9969227 ABVC_w_2   52      +  Deletion       52          0
3  Chr4 10095402 10095402 ABVC_w_3   61      + Insertion        0         61
4  Chr4 11223747 11223747 ABVC_w_4   74      + Insertion        0         74
5  Chr4 11283434 11283489 ABVC_w_5   55      +  Deletion       55          0
6  Chr4 11321881 11321936 ABVC_w_6   55      +  Deletion       55          0
                          contig_position     method.found
1 0000_00|quiver|quiver:9154517-9154517:+ within_alignment
2 0000_00|quiver|quiver:8637471-8637471:+ within_alignment
3 0000_00|quiver|quiver:8499817-8499878:+ within_alignment
4 0000_00|quiver|quiver:7460162-7460236:+ within_alignment
5 0000_00|quiver|quiver:7386872-7386872:+ within_alignment
6 0000_00|quiver|quiver:7328846-7328846:+ within_alignment
null device 
          1 
null device 
          1 
