Input delta file: user_uploads/QmAydIXT2XiShYZavoPO
Output prefix: user_data/QmAydIXT2XiShYZavoPO/Arabidopsis_thaliana_MHAP_assembly
1. Filter delta file
First read through the file: 0 seconds for 109 query-reference combinations
Filtering alignments of 92 queries
Progress: 9%
Progress: 19%
Progress: 29%
Progress: 39%
Progress: 48%
Progress: 58%
Progress: 68%
Progress: 78%
Progress: 88%
Progress: 97%
Progress: 100%
Deciding which alignments to keep: 32 seconds for 92 queries
Reading file and recording all the entries we decided to keep: 0 seconds for 457888 total lines in file
2. Finding variants between alignments
Loaded 2549 alignments
3. Finding variants within alignments
4. Combine variants between and within alignments
Loading required package: methods
null device 
          1 
null device 
          1 
null device 
          1 
null device 
          1 
null device 
          1 
Done flipping
Loading required package: methods
[1] "user_data/QmAydIXT2XiShYZavoPO/Arabidopsis_thaliana_MHAP_assembly.coords.flipped"
[1] "user_data/QmAydIXT2XiShYZavoPO/Arabidopsis_thaliana_MHAP_assembly.Assemblytics.dotplot.png"
[1] "Dot plot of Assemblytics filtered alignments"
[1] "user_data/QmAydIXT2XiShYZavoPO/Arabidopsis_thaliana_MHAP_assembly.unfiltered.coords.flipped"
[1] "user_data/QmAydIXT2XiShYZavoPO/Arabidopsis_thaliana_MHAP_assembly.Assemblytics.unfiltered_dotplot.png"
[1] "Dot plot of unfiltered alignments"
Loading required package: methods
null device 
          1 
  adding: user_data/QmAydIXT2XiShYZavoPO/Arabidopsis_thaliana_MHAP_assembly.Assemblytics.Nchart.png (deflated 8%)
  adding: user_data/QmAydIXT2XiShYZavoPO/Arabidopsis_thaliana_MHAP_assembly.Assemblytics.dotplot.png (deflated 21%)
  adding: user_data/QmAydIXT2XiShYZavoPO/Arabidopsis_thaliana_MHAP_assembly.Assemblytics.size_distributions.png (deflated 18%)
  adding: user_data/QmAydIXT2XiShYZavoPO/Arabidopsis_thaliana_MHAP_assembly.Assemblytics.size_distributions_all_variants_full_view.png (deflated 19%)
  adding: user_data/QmAydIXT2XiShYZavoPO/Arabidopsis_thaliana_MHAP_assembly.Assemblytics.size_distributions_large_structural.png (deflated 16%)
  adding: user_data/QmAydIXT2XiShYZavoPO/Arabidopsis_thaliana_MHAP_assembly.Assemblytics.size_distributions_zoom.png (deflated 18%)
  adding: user_data/QmAydIXT2XiShYZavoPO/Arabidopsis_thaliana_MHAP_assembly.Assemblytics.size_distributions_zoom_structural.png (deflated 17%)
  adding: user_data/QmAydIXT2XiShYZavoPO/Arabidopsis_thaliana_MHAP_assembly.Assemblytics.unfiltered_dotplot.png (deflated 20%)
  adding: user_data/QmAydIXT2XiShYZavoPO/Arabidopsis_thaliana_MHAP_assembly.Assemblytics.unique_length_filtered_l10000.delta (deflated 72%)
  adding: user_data/QmAydIXT2XiShYZavoPO/Arabidopsis_thaliana_MHAP_assembly.Assemblytics_assembly_stats.txt (deflated 43%)
  adding: user_data/QmAydIXT2XiShYZavoPO/Arabidopsis_thaliana_MHAP_assembly.Assemblytics_structural_variants.bed (deflated 82%)
  adding: user_data/QmAydIXT2XiShYZavoPO/Arabidopsis_thaliana_MHAP_assembly.Assemblytics_structural_variants.summary (deflated 78%)
