Input delta file: user_uploads/hlQ4GSlsZbkYewd93SF5
Output prefix: user_data/hlQ4GSlsZbkYewd93SF5/Saccharomyces_cerevisiae_MHAP_assembly
1. Filter delta file
First read through the file: 0 seconds for 45 query-reference combinations
Filtering alignments of 32 queries
Progress: 9%
Progress: 18%
Progress: 28%
Progress: 37%
Progress: 46%
Progress: 56%
Progress: 65%
Progress: 75%
Progress: 84%
Progress: 93%
Progress: 100%
Deciding which alignments to keep: 0 seconds for 32 queries
Reading file and recording all the entries we decided to keep: 0 seconds for 5066 total lines in file
2. Finding variants between alignments
Loaded 75 alignments
3. Finding variants within alignments
4. Combine variants between and within alignments
Loading required package: methods
null device 
          1 
null device 
          1 
Done flipping
Loading required package: methods
null device 
          1 
Fatal error: cannot open file './bin/assembly_Nchart.R': No such file or directory
  adding: user_data/hlQ4GSlsZbkYewd93SF5/Saccharomyces_cerevisiae_MHAP_assembly.Assemblytics.dotplot.png (deflated 28%)
  adding: user_data/hlQ4GSlsZbkYewd93SF5/Saccharomyces_cerevisiae_MHAP_assembly.Assemblytics.size_distributions.png (deflated 19%)
  adding: user_data/hlQ4GSlsZbkYewd93SF5/Saccharomyces_cerevisiae_MHAP_assembly.Assemblytics.size_distributions_zoom.png (deflated 19%)
  adding: user_data/hlQ4GSlsZbkYewd93SF5/Saccharomyces_cerevisiae_MHAP_assembly.Assemblytics.unique_length_filtered_l10000.delta (deflated 62%)
  adding: user_data/hlQ4GSlsZbkYewd93SF5/Saccharomyces_cerevisiae_MHAP_assembly.Assemblytics_assembly_stats.txt (deflated 43%)
  adding: user_data/hlQ4GSlsZbkYewd93SF5/Saccharomyces_cerevisiae_MHAP_assembly.Assemblytics_structural_variants.bed (deflated 78%)
  adding: user_data/hlQ4GSlsZbkYewd93SF5/Saccharomyces_cerevisiae_MHAP_assembly.Assemblytics_structural_variants.summary (deflated 83%)
