Input delta file: user_uploads/NlTnZ46mvpw8Iu0dQiTK
Output prefix: user_data/NlTnZ46mvpw8Iu0dQiTK/Escherichia_coli_MHAP_assembly
1. Filter delta file
First read through the file: 0 seconds for 1 query-reference combinations
Filtering alignments of 1 queries
Progress: 100%
Progress: 100%
Deciding which alignments to keep: 1 seconds for 1 queries
Reading file and recording all the entries we decided to keep: 0 seconds for 1134 total lines in file
2. Finding variants between alignments
Loaded 6 alignments
3. Finding variants within alignments
4. Combine variants between and within alignments
Loading required package: methods
null device 
          1 
null device 
          1 
Done flipping
Loading required package: methods
null device 
          1 
Fatal error: cannot open file './bin/assembly_Nchart.R': No such file or directory
  adding: user_data/NlTnZ46mvpw8Iu0dQiTK/Escherichia_coli_MHAP_assembly.Assemblytics.dotplot.png (deflated 10%)
  adding: user_data/NlTnZ46mvpw8Iu0dQiTK/Escherichia_coli_MHAP_assembly.Assemblytics.size_distributions.png (deflated 21%)
  adding: user_data/NlTnZ46mvpw8Iu0dQiTK/Escherichia_coli_MHAP_assembly.Assemblytics.size_distributions_zoom.png (deflated 20%)
  adding: user_data/NlTnZ46mvpw8Iu0dQiTK/Escherichia_coli_MHAP_assembly.Assemblytics.unique_length_filtered_l1000.delta (deflated 43%)
  adding: user_data/NlTnZ46mvpw8Iu0dQiTK/Escherichia_coli_MHAP_assembly.Assemblytics_assembly_stats.txt (deflated 58%)
  adding: user_data/NlTnZ46mvpw8Iu0dQiTK/Escherichia_coli_MHAP_assembly.Assemblytics_structural_variants.bed (deflated 51%)
  adding: user_data/NlTnZ46mvpw8Iu0dQiTK/Escherichia_coli_MHAP_assembly.Assemblytics_structural_variants.summary (deflated 89%)
