Input delta file: user_uploads/yHaJvLzrlLeIOwDwESph
Output prefix: user_data/yHaJvLzrlLeIOwDwESph/Drosophila_melanogaster_MHAP_assembly
1. Filter delta file
First read through the file: 0 seconds for 521 query-reference combinations
Filtering alignments of 472 queries
Progress: 0%
Progress: 1%
Progress: 2%
Progress: 3%
Progress: 4%
Progress: 5%
Progress: 5%
Progress: 6%
Progress: 7%
Progress: 8%
Progress: 9%
Progress: 10%
Progress: 11%
Progress: 11%
Progress: 12%
Progress: 13%
Progress: 14%
Progress: 15%
Progress: 16%
Progress: 16%
Progress: 17%
Progress: 18%
Progress: 19%
Progress: 20%
Progress: 21%
Progress: 22%
Progress: 22%
Progress: 23%
Progress: 24%
Progress: 25%
Progress: 26%
Progress: 27%
Progress: 27%
Progress: 28%
Progress: 29%
Progress: 30%
Progress: 31%
Progress: 32%
Progress: 33%
Progress: 33%
Progress: 34%
Progress: 35%
Progress: 36%
Progress: 37%
Progress: 38%
Progress: 38%
Progress: 39%
Progress: 40%
Progress: 41%
Progress: 42%
Progress: 43%
Progress: 44%
Progress: 44%
Progress: 45%
Progress: 46%
Progress: 47%
Progress: 48%
Progress: 49%
Progress: 50%
Progress: 50%
Progress: 51%
Progress: 52%
Progress: 53%
Progress: 54%
Progress: 55%
Progress: 55%
Progress: 56%
Progress: 57%
Progress: 58%
Progress: 59%
Progress: 60%
Progress: 61%
Progress: 61%
Progress: 62%
Progress: 63%
Progress: 64%
Progress: 65%
Progress: 66%
Progress: 66%
Progress: 67%
Progress: 68%
Progress: 69%
Progress: 70%
Progress: 71%
Progress: 72%
Progress: 72%
Progress: 73%
Progress: 74%
Progress: 75%
Progress: 76%
Progress: 77%
Progress: 77%
Progress: 78%
Progress: 79%
Progress: 80%
Progress: 81%
Progress: 82%
Progress: 83%
Progress: 83%
Progress: 84%
Progress: 85%
Progress: 86%
Progress: 87%
Progress: 88%
Progress: 88%
Progress: 89%
Progress: 90%
Progress: 91%
Progress: 92%
Progress: 93%
Progress: 94%
Progress: 94%
Progress: 95%
Progress: 96%
Progress: 97%
Progress: 98%
Progress: 99%
Progress: 100%
Progress: 100%
Deciding which alignments to keep: 1 seconds for 472 queries
Reading file and recording all the entries we decided to keep: 0 seconds for 195598 total lines in file
2. Finding variants between alignments
Loaded 723 alignments
3. Finding variants within alignments
4. Combine variants between and within alignments
Loading required package: methods
null device 
          1 
null device 
          1 
null device 
          1 
null device 
          1 
null device 
          1 
Done flipping
Loading required package: methods
[1] "user_data/yHaJvLzrlLeIOwDwESph/Drosophila_melanogaster_MHAP_assembly.coords.flipped"
[1] "user_data/yHaJvLzrlLeIOwDwESph/Drosophila_melanogaster_MHAP_assembly.Assemblytics.dotplot.png"
[1] "Dot plot of Assemblytics filtered alignments"
[1] "user_data/yHaJvLzrlLeIOwDwESph/Drosophila_melanogaster_MHAP_assembly.unfiltered.coords.flipped"
[1] "user_data/yHaJvLzrlLeIOwDwESph/Drosophila_melanogaster_MHAP_assembly.Assemblytics.unfiltered_dotplot.png"
[1] "Dot plot of unfiltered alignments"
Loading required package: methods
null device 
          1 
  adding: user_data/yHaJvLzrlLeIOwDwESph/Drosophila_melanogaster_MHAP_assembly.Assemblytics.Nchart.png (deflated 7%)
  adding: user_data/yHaJvLzrlLeIOwDwESph/Drosophila_melanogaster_MHAP_assembly.Assemblytics.dotplot.png (deflated 15%)
  adding: user_data/yHaJvLzrlLeIOwDwESph/Drosophila_melanogaster_MHAP_assembly.Assemblytics.size_distributions.png (deflated 18%)
  adding: user_data/yHaJvLzrlLeIOwDwESph/Drosophila_melanogaster_MHAP_assembly.Assemblytics.size_distributions_all_variants_full_view.png (deflated 18%)
  adding: user_data/yHaJvLzrlLeIOwDwESph/Drosophila_melanogaster_MHAP_assembly.Assemblytics.size_distributions_large_structural.png (deflated 16%)
  adding: user_data/yHaJvLzrlLeIOwDwESph/Drosophila_melanogaster_MHAP_assembly.Assemblytics.size_distributions_zoom.png (deflated 18%)
  adding: user_data/yHaJvLzrlLeIOwDwESph/Drosophila_melanogaster_MHAP_assembly.Assemblytics.size_distributions_zoom_structural.png (deflated 16%)
  adding: user_data/yHaJvLzrlLeIOwDwESph/Drosophila_melanogaster_MHAP_assembly.Assemblytics.unfiltered_dotplot.png (deflated 15%)
  adding: user_data/yHaJvLzrlLeIOwDwESph/Drosophila_melanogaster_MHAP_assembly.Assemblytics.unique_length_filtered_l10000.delta (deflated 63%)
  adding: user_data/yHaJvLzrlLeIOwDwESph/Drosophila_melanogaster_MHAP_assembly.Assemblytics_assembly_stats.txt (deflated 42%)
  adding: user_data/yHaJvLzrlLeIOwDwESph/Drosophila_melanogaster_MHAP_assembly.Assemblytics_structural_variants.bed (deflated 79%)
  adding: user_data/yHaJvLzrlLeIOwDwESph/Drosophila_melanogaster_MHAP_assembly.Assemblytics_structural_variants.summary (deflated 80%)
